<?xml version="1.0" encoding="UTF-8"?>
<testng-results skipped="0" failed="0" total="1" passed="1">
  <reporter-output>
  </reporter-output>
  <suite name="Default suite" duration-ms="18038" started-at="2018-07-27T06:04:11Z" finished-at="2018-07-27T06:04:29Z">
    <groups>
      <group name="cucumber">
        <method signature="AbstractTestNGCucumberTests.feature(cucumber.api.testng.CucumberFeatureWrapper)[pri:0, instance:com.test.runner.RunCucumberTest@190083e]" name="feature" class="cucumber.api.testng.AbstractTestNGCucumberTests"/>
      </group> <!-- cucumber -->
    </groups>
    <test name="Default test" duration-ms="18038" started-at="2018-07-27T06:04:11Z" finished-at="2018-07-27T06:04:29Z">
      <class name="com.test.runner.RunCucumberTest">
        <test-method status="PASS" signature="setUpClass()[pri:0, instance:com.test.runner.RunCucumberTest@190083e]" name="setUpClass" is-config="true" duration-ms="710" started-at="2018-07-27T11:34:11Z" finished-at="2018-07-27T11:34:12Z">
          <reporter-output>
          </reporter-output>
        </test-method> <!-- setUpClass -->
        <test-method status="PASS" signature="feature(cucumber.api.testng.CucumberFeatureWrapper)[pri:0, instance:com.test.runner.RunCucumberTest@190083e]" name="feature" duration-ms="16082" started-at="2018-07-27T11:34:12Z" description="Runs Cucumber Feature" data-provider="features" finished-at="2018-07-27T11:34:28Z">
          <params>
            <param index="0">
              <value>
                <![CDATA[My first API Test with sample API]]>
              </value>
            </param>
          </params>
          <reporter-output>
          </reporter-output>
        </test-method> <!-- feature -->
        <test-method status="PASS" signature="tearDownClass()[pri:0, instance:com.test.runner.RunCucumberTest@190083e]" name="tearDownClass" is-config="true" duration-ms="860" started-at="2018-07-27T11:34:28Z" finished-at="2018-07-27T11:34:29Z">
          <reporter-output>
          </reporter-output>
        </test-method> <!-- tearDownClass -->
      </class> <!-- com.test.runner.RunCucumberTest -->
    </test> <!-- Default test -->
  </suite> <!-- Default suite -->
</testng-results>
